<?xml version="1.0" encoding="UTF-8"?>
<!-- Generated by org.testng.reporters.JUnitXMLReporter -->
<testsuite hostname="DESKTOP-0KDP1L5" name="Command line test" tests="24" failures="0" timestamp="8 Apr 2019 03:18:47 GMT" time="0.135" errors="0">
  <testcase name="aabcd" time="0.002" classname="com.clc.api.ATest"/>
  <testcase name="asbcd" time="0.013" classname="com.clc.api.ATest"/>
  <testcase name="axbcd" time="0.002" classname="com.clc.api.ATest"/>
  <testcase name="fabcd" time="0.004" classname="com.clc.api.ATest"/>
  <testcase name="pabcd" time="0.001" classname="com.clc.api.ATest"/>
  <testcase name="baabcd" time="0.001" classname="com.clc.api.BTest"/>
  <testcase name="basbcd" time="0.005" classname="com.clc.api.BTest"/>
  <testcase name="baxbcd" time="0.001" classname="com.clc.api.BTest"/>
  <testcase name="bfabcd" time="0.003" classname="com.clc.api.BTest"/>
  <testcase name="bpabcd" time="0.001" classname="com.clc.api.BTest"/>
  <testcase name="bcasbcd" time="0.006" classname="com.clc.api.CTest"/>
  <testcase name="bcfabcd" time="0.001" classname="com.clc.api.CTest"/>
  <testcase name="bxasbcd" time="0.001" classname="com.clc.autheticate.DTest"/>
  <testcase name="byfabcd" time="0.001" classname="com.clc.autheticate.DTest"/>
  <testcase name="b1Efabcd" time="0.0" classname="com.clc.autheticate.ETest"/>
  <testcase name="b2Easbcd" time="0.001" classname="com.clc.autheticate.ETest"/>
  <testcase name="b3Efabcd" time="0.0" classname="com.clc.autheticate.ETest"/>
  <testcase name="bEasbcd" time="0.0" classname="com.clc.autheticate.ETest"/>
  <testcase name="baasbcd" time="0.0" classname="com.clc.login.LoginATest"/>
  <testcase name="basbcd" time="0.003" classname="com.clc.login.LoginATest"/>
  <testcase name="bfadbcd" time="0.001" classname="com.clc.login.LoginATest"/>
  <testcase name="bfsabcd" time="0.002" classname="com.clc.login.LoginATest"/>
  <testcase name="btes1t" time="0.001" classname="com.clc.login.LoginTest"/>
  <testcase name="btest" time="0.0" classname="com.clc.login.LoginTest"/>
</testsuite> <!-- Command line test -->
