<?xml version="1.0" encoding="UTF-8" ?>
<testsuite tests="24" failures="0" name="TestSuite" time="0.123" errors="0" skipped="0">
  <properties>
[...]
</properties>
  <testcase classname="com.clc.api.ATest" name="aabcd" time="0.013"/>
  <testcase classname="com.clc.api.ATest" name="asbcd" time="0.016"/>
  <testcase classname="com.clc.api.ATest" name="axbcd" time="0.018"/>
  <testcase classname="com.clc.api.ATest" name="fabcd" time="0.013"/>
  <testcase classname="com.clc.api.ATest" name="pabcd" time="0.001"/>
  <testcase classname="com.clc.api.BTest" name="baabcd" time="0.002"/>
  <testcase classname="com.clc.api.BTest" name="basbcd" time="0"/>
  <testcase classname="com.clc.api.BTest" name="baxbcd" time="0.001"/>
  <testcase classname="com.clc.api.BTest" name="bfabcd" time="0.001"/>
  <testcase classname="com.clc.api.BTest" name="bpabcd" time="0.001"/>
  <testcase classname="com.clc.api.CTest" name="bcasbcd" time="0"/>
  <testcase classname="com.clc.api.CTest" name="bcfabcd" time="0.001"/>
  <testcase classname="com.clc.autheticate.DTest" name="bxasbcd" time="0.002"/>
  <testcase classname="com.clc.autheticate.DTest" name="byfabcd" time="0"/>
  <testcase classname="com.clc.autheticate.ETest" name="b1Efabcd" time="0.004"/>
  <testcase classname="com.clc.autheticate.ETest" name="b2Easbcd" time="0.005"/>
  <testcase classname="com.clc.autheticate.ETest" name="b3Efabcd" time="0"/>
  <testcase classname="com.clc.autheticate.ETest" name="bEasbcd" time="0.001"/>
  <testcase classname="com.clc.login.LoginATest" name="baasbcd" time="0.005"/>
  <testcase classname="com.clc.login.LoginATest" name="basbcd" time="0.002"/>
  <testcase classname="com.clc.login.LoginATest" name="bfadbcd" time="0.022"/>
  <testcase classname="com.clc.login.LoginATest" name="bfsabcd" time="0.012"/>
  <testcase classname="com.clc.login.LoginTest" name="btes1t" time="0.001"/>
  <testcase classname="com.clc.login.LoginTest" name="btest" time="0.002"/>
</testsuite>